<?xml version="1.0" encoding="UTF-8"?>
<!-- Generated by org.testng.reporters.JUnitReportReporter -->
<testsuite hostname="NODE1682" failures="0" tests="4" name="api.tests.petTests.PetTests" time="12.383" errors="0" timestamp="2024-02-04T09:26:55 IST" skipped="0">
  <testcase classname="api.tests.petTests.PetTests" name="addPetTest" time="4.058"/>
  <system-out/>
  <testcase classname="api.tests.petTests.PetTests" name="getPetByIdTest" time="2.563"/>
  <system-out/>
  <testcase classname="api.tests.petTests.PetTests" name="deletePet" time="2.738"/>
  <system-out/>
  <testcase classname="api.tests.petTests.PetTests" name="updatePetTest" time="3.024"/>
  <system-out/>
</testsuite> <!-- api.tests.petTests.PetTests -->
